The system is: Linux - 2.6.32-431.29.2.el6.x86_64 - x86_64
Compiling the C compiler identification source file "CMakeCCompilerId.c" succeeded.
Compiler: /usr/bin/gcc 
Build flags: 
Id flags: 

The output was:
0


Compilation of the C compiler identification source "CMakeCCompilerId.c" produced "a.out"

The C compiler identification is GNU, found in "/renoir/fourmano/Desktop/OUSIM/TIPS/branches/tips_build/build/CMakeFiles/CompilerIdC/a.out"

Compiling the CXX compiler identification source file "CMakeCXXCompilerId.cpp" succeeded.
Compiler: /usr/bin/g++ 
Build flags: 
Id flags: 

The output was:
0
CMakeCXXCompilerId.cpp:67: warning: deprecated conversion from string constant to ‘char*’
CMakeCXXCompilerId.cpp:157: warning: deprecated conversion from string constant to ‘char*’


Compilation of the CXX compiler identification source "CMakeCXXCompilerId.cpp" produced "a.out"

The CXX compiler identification is GNU, found in "/renoir/fourmano/Desktop/OUSIM/TIPS/branches/tips_build/build/CMakeFiles/CompilerIdCXX/a.out"

Determining if the C compiler works passed with the following output:
Change Dir: /renoir/fourmano/Desktop/OUSIM/TIPS/branches/tips_build/build/CMakeFiles/CMakeTmp

Run Build Command:/usr/bin/gmake "cmTryCompileExec/fast"
/usr/bin/gmake -f CMakeFiles/cmTryCompileExec.dir/build.make CMakeFiles/cmTryCompileExec.dir/build
gmake[1]: Entering directory `/renoir_data_02/fourmano/OUSIM/TIPS/branches/tips_build/build/CMakeFiles/CMakeTmp'
/usr/bin/cmake -E cmake_progress_report /renoir/fourmano/Desktop/OUSIM/TIPS/branches/tips_build/build/CMakeFiles/CMakeTmp/CMakeFiles 1
Building C object CMakeFiles/cmTryCompileExec.dir/testCCompiler.c.o
/usr/bin/gcc    -o CMakeFiles/cmTryCompileExec.dir/testCCompiler.c.o   -c /renoir/fourmano/Desktop/OUSIM/TIPS/branches/tips_build/build/CMakeFiles/CMakeTmp/testCCompiler.c
Linking C executable cmTryCompileExec
/usr/bin/cmake -E cmake_link_script CMakeFiles/cmTryCompileExec.dir/link.txt --verbose=1
/usr/bin/gcc       -fPIC CMakeFiles/cmTryCompileExec.dir/testCCompiler.c.o  -o cmTryCompileExec -rdynamic 
gmake[1]: Leaving directory `/renoir_data_02/fourmano/OUSIM/TIPS/branches/tips_build/build/CMakeFiles/CMakeTmp'


Detecting C compiler ABI info compiled with the following output:
Change Dir: /renoir/fourmano/Desktop/OUSIM/TIPS/branches/tips_build/build/CMakeFiles/CMakeTmp

Run Build Command:/usr/bin/gmake "cmTryCompileExec/fast"
/usr/bin/gmake -f CMakeFiles/cmTryCompileExec.dir/build.make CMakeFiles/cmTryCompileExec.dir/build
gmake[1]: Entering directory `/renoir_data_02/fourmano/OUSIM/TIPS/branches/tips_build/build/CMakeFiles/CMakeTmp'
/usr/bin/cmake -E cmake_progress_report /renoir/fourmano/Desktop/OUSIM/TIPS/branches/tips_build/build/CMakeFiles/CMakeTmp/CMakeFiles 1
Building C object CMakeFiles/cmTryCompileExec.dir/CMakeCCompilerABI.c.o
/usr/bin/gcc    -o CMakeFiles/cmTryCompileExec.dir/CMakeCCompilerABI.c.o   -c /usr/share/cmake/Modules/CMakeCCompilerABI.c
Linking C executable cmTryCompileExec
/usr/bin/cmake -E cmake_link_script CMakeFiles/cmTryCompileExec.dir/link.txt --verbose=1
/usr/bin/gcc       -fPIC CMakeFiles/cmTryCompileExec.dir/CMakeCCompilerABI.c.o  -o cmTryCompileExec -rdynamic 
gmake[1]: Leaving directory `/renoir_data_02/fourmano/OUSIM/TIPS/branches/tips_build/build/CMakeFiles/CMakeTmp'


Determining if the CXX compiler works passed with the following output:
Change Dir: /renoir/fourmano/Desktop/OUSIM/TIPS/branches/tips_build/build/CMakeFiles/CMakeTmp

Run Build Command:/usr/bin/gmake "cmTryCompileExec/fast"
/usr/bin/gmake -f CMakeFiles/cmTryCompileExec.dir/build.make CMakeFiles/cmTryCompileExec.dir/build
gmake[1]: Entering directory `/renoir_data_02/fourmano/OUSIM/TIPS/branches/tips_build/build/CMakeFiles/CMakeTmp'
/usr/bin/cmake -E cmake_progress_report /renoir/fourmano/Desktop/OUSIM/TIPS/branches/tips_build/build/CMakeFiles/CMakeTmp/CMakeFiles 1
Building CXX object CMakeFiles/cmTryCompileExec.dir/testCXXCompiler.cxx.o
/usr/bin/g++     -o CMakeFiles/cmTryCompileExec.dir/testCXXCompiler.cxx.o -c /renoir/fourmano/Desktop/OUSIM/TIPS/branches/tips_build/build/CMakeFiles/CMakeTmp/testCXXCompiler.cxx
Linking CXX executable cmTryCompileExec
/usr/bin/cmake -E cmake_link_script CMakeFiles/cmTryCompileExec.dir/link.txt --verbose=1
/usr/bin/g++        -fPIC CMakeFiles/cmTryCompileExec.dir/testCXXCompiler.cxx.o  -o cmTryCompileExec -rdynamic 
gmake[1]: Leaving directory `/renoir_data_02/fourmano/OUSIM/TIPS/branches/tips_build/build/CMakeFiles/CMakeTmp'


Detecting CXX compiler ABI info compiled with the following output:
Change Dir: /renoir/fourmano/Desktop/OUSIM/TIPS/branches/tips_build/build/CMakeFiles/CMakeTmp

Run Build Command:/usr/bin/gmake "cmTryCompileExec/fast"
/usr/bin/gmake -f CMakeFiles/cmTryCompileExec.dir/build.make CMakeFiles/cmTryCompileExec.dir/build
gmake[1]: Entering directory `/renoir_data_02/fourmano/OUSIM/TIPS/branches/tips_build/build/CMakeFiles/CMakeTmp'
/usr/bin/cmake -E cmake_progress_report /renoir/fourmano/Desktop/OUSIM/TIPS/branches/tips_build/build/CMakeFiles/CMakeTmp/CMakeFiles 1
Building CXX object CMakeFiles/cmTryCompileExec.dir/CMakeCXXCompilerABI.cpp.o
/usr/bin/g++     -o CMakeFiles/cmTryCompileExec.dir/CMakeCXXCompilerABI.cpp.o -c /usr/share/cmake/Modules/CMakeCXXCompilerABI.cpp
Linking CXX executable cmTryCompileExec
/usr/bin/cmake -E cmake_link_script CMakeFiles/cmTryCompileExec.dir/link.txt --verbose=1
/usr/bin/g++        -fPIC CMakeFiles/cmTryCompileExec.dir/CMakeCXXCompilerABI.cpp.o  -o cmTryCompileExec -rdynamic 
gmake[1]: Leaving directory `/renoir_data_02/fourmano/OUSIM/TIPS/branches/tips_build/build/CMakeFiles/CMakeTmp'


Performing C SOURCE FILE Test FLAG_SUPPORT succeded with the following output:
Change Dir: /renoir/fourmano/Desktop/OUSIM/TIPS/branches/tips_build/build/CMakeFiles/CMakeTmp

Run Build Command:/usr/bin/gmake "cmTryCompileExec/fast"
/usr/bin/gmake -f CMakeFiles/cmTryCompileExec.dir/build.make CMakeFiles/cmTryCompileExec.dir/build
gmake[1]: Entering directory `/renoir_data_02/fourmano/OUSIM/TIPS/branches/tips_build/build/CMakeFiles/CMakeTmp'
/usr/bin/cmake -E cmake_progress_report /renoir/fourmano/Desktop/OUSIM/TIPS/branches/tips_build/build/CMakeFiles/CMakeTmp/CMakeFiles 1
Building C object CMakeFiles/cmTryCompileExec.dir/src.c.o
/usr/bin/gcc   -DFLAG_SUPPORT   -pedantic -o CMakeFiles/cmTryCompileExec.dir/src.c.o   -c /renoir/fourmano/Desktop/OUSIM/TIPS/branches/tips_build/build/CMakeFiles/CMakeTmp/src.c
Linking C executable cmTryCompileExec
/usr/bin/cmake -E cmake_link_script CMakeFiles/cmTryCompileExec.dir/link.txt --verbose=1
/usr/bin/gcc     -DFLAG_SUPPORT  -fPIC CMakeFiles/cmTryCompileExec.dir/src.c.o  -o cmTryCompileExec -rdynamic 
gmake[1]: Leaving directory `/renoir_data_02/fourmano/OUSIM/TIPS/branches/tips_build/build/CMakeFiles/CMakeTmp'

Source file was:
int main() { return 0;}
Performing C SOURCE FILE Test FLAG_SUPPORT succeded with the following output:
Change Dir: /renoir/fourmano/Desktop/OUSIM/TIPS/branches/tips_build/build/CMakeFiles/CMakeTmp

Run Build Command:/usr/bin/gmake "cmTryCompileExec/fast"
/usr/bin/gmake -f CMakeFiles/cmTryCompileExec.dir/build.make CMakeFiles/cmTryCompileExec.dir/build
gmake[1]: Entering directory `/renoir_data_02/fourmano/OUSIM/TIPS/branches/tips_build/build/CMakeFiles/CMakeTmp'
/usr/bin/cmake -E cmake_progress_report /renoir/fourmano/Desktop/OUSIM/TIPS/branches/tips_build/build/CMakeFiles/CMakeTmp/CMakeFiles 1
Building C object CMakeFiles/cmTryCompileExec.dir/src.c.o
/usr/bin/gcc   -DFLAG_SUPPORT   -Wall -o CMakeFiles/cmTryCompileExec.dir/src.c.o   -c /renoir/fourmano/Desktop/OUSIM/TIPS/branches/tips_build/build/CMakeFiles/CMakeTmp/src.c
Linking C executable cmTryCompileExec
/usr/bin/cmake -E cmake_link_script CMakeFiles/cmTryCompileExec.dir/link.txt --verbose=1
/usr/bin/gcc     -DFLAG_SUPPORT  -fPIC CMakeFiles/cmTryCompileExec.dir/src.c.o  -o cmTryCompileExec -rdynamic 
gmake[1]: Leaving directory `/renoir_data_02/fourmano/OUSIM/TIPS/branches/tips_build/build/CMakeFiles/CMakeTmp'

Source file was:
int main() { return 0;}
Performing C SOURCE FILE Test FLAG_SUPPORT succeded with the following output:
Change Dir: /renoir/fourmano/Desktop/OUSIM/TIPS/branches/tips_build/build/CMakeFiles/CMakeTmp

Run Build Command:/usr/bin/gmake "cmTryCompileExec/fast"
/usr/bin/gmake -f CMakeFiles/cmTryCompileExec.dir/build.make CMakeFiles/cmTryCompileExec.dir/build
gmake[1]: Entering directory `/renoir_data_02/fourmano/OUSIM/TIPS/branches/tips_build/build/CMakeFiles/CMakeTmp'
/usr/bin/cmake -E cmake_progress_report /renoir/fourmano/Desktop/OUSIM/TIPS/branches/tips_build/build/CMakeFiles/CMakeTmp/CMakeFiles 1
Building C object CMakeFiles/cmTryCompileExec.dir/src.c.o
/usr/bin/gcc   -DFLAG_SUPPORT   -Wextra -o CMakeFiles/cmTryCompileExec.dir/src.c.o   -c /renoir/fourmano/Desktop/OUSIM/TIPS/branches/tips_build/build/CMakeFiles/CMakeTmp/src.c
Linking C executable cmTryCompileExec
/usr/bin/cmake -E cmake_link_script CMakeFiles/cmTryCompileExec.dir/link.txt --verbose=1
/usr/bin/gcc     -DFLAG_SUPPORT  -fPIC CMakeFiles/cmTryCompileExec.dir/src.c.o  -o cmTryCompileExec -rdynamic 
gmake[1]: Leaving directory `/renoir_data_02/fourmano/OUSIM/TIPS/branches/tips_build/build/CMakeFiles/CMakeTmp'

Source file was:
int main() { return 0;}
Performing C SOURCE FILE Test FLAG_SUPPORT succeded with the following output:
Change Dir: /renoir/fourmano/Desktop/OUSIM/TIPS/branches/tips_build/build/CMakeFiles/CMakeTmp

Run Build Command:/usr/bin/gmake "cmTryCompileExec/fast"
/usr/bin/gmake -f CMakeFiles/cmTryCompileExec.dir/build.make CMakeFiles/cmTryCompileExec.dir/build
gmake[1]: Entering directory `/renoir_data_02/fourmano/OUSIM/TIPS/branches/tips_build/build/CMakeFiles/CMakeTmp'
/usr/bin/cmake -E cmake_progress_report /renoir/fourmano/Desktop/OUSIM/TIPS/branches/tips_build/build/CMakeFiles/CMakeTmp/CMakeFiles 1
Building C object CMakeFiles/cmTryCompileExec.dir/src.c.o
/usr/bin/gcc   -DFLAG_SUPPORT   -Wfatal-errors -o CMakeFiles/cmTryCompileExec.dir/src.c.o   -c /renoir/fourmano/Desktop/OUSIM/TIPS/branches/tips_build/build/CMakeFiles/CMakeTmp/src.c
Linking C executable cmTryCompileExec
/usr/bin/cmake -E cmake_link_script CMakeFiles/cmTryCompileExec.dir/link.txt --verbose=1
/usr/bin/gcc     -DFLAG_SUPPORT  -fPIC CMakeFiles/cmTryCompileExec.dir/src.c.o  -o cmTryCompileExec -rdynamic 
gmake[1]: Leaving directory `/renoir_data_02/fourmano/OUSIM/TIPS/branches/tips_build/build/CMakeFiles/CMakeTmp'

Source file was:
int main() { return 0;}
Performing C SOURCE FILE Test FLAG_SUPPORT succeded with the following output:
Change Dir: /renoir/fourmano/Desktop/OUSIM/TIPS/branches/tips_build/build/CMakeFiles/CMakeTmp

Run Build Command:/usr/bin/gmake "cmTryCompileExec/fast"
/usr/bin/gmake -f CMakeFiles/cmTryCompileExec.dir/build.make CMakeFiles/cmTryCompileExec.dir/build
gmake[1]: Entering directory `/renoir_data_02/fourmano/OUSIM/TIPS/branches/tips_build/build/CMakeFiles/CMakeTmp'
/usr/bin/cmake -E cmake_progress_report /renoir/fourmano/Desktop/OUSIM/TIPS/branches/tips_build/build/CMakeFiles/CMakeTmp/CMakeFiles 1
Building C object CMakeFiles/cmTryCompileExec.dir/src.c.o
/usr/bin/gcc   -DFLAG_SUPPORT   -g -o CMakeFiles/cmTryCompileExec.dir/src.c.o   -c /renoir/fourmano/Desktop/OUSIM/TIPS/branches/tips_build/build/CMakeFiles/CMakeTmp/src.c
Linking C executable cmTryCompileExec
/usr/bin/cmake -E cmake_link_script CMakeFiles/cmTryCompileExec.dir/link.txt --verbose=1
/usr/bin/gcc     -DFLAG_SUPPORT  -fPIC CMakeFiles/cmTryCompileExec.dir/src.c.o  -o cmTryCompileExec -rdynamic 
gmake[1]: Leaving directory `/renoir_data_02/fourmano/OUSIM/TIPS/branches/tips_build/build/CMakeFiles/CMakeTmp'

Source file was:
int main() { return 0;}
